<?xml version="1.0" encoding="UTF-8"?>
<!-- Generated by org.testng.reporters.JUnitXMLReporter -->
<testsuite hostname="SQLBILAB" ignored="0" name="Default test" tests="2" failures="0" timestamp="2020-09-15T21:43:55 CDT" time="6.412" errors="0">
  <testcase name="StartFirst" time="6.222" classname="test.ValidatethemonthdropddownTest$AddCategoryTest"/>
  <testcase name="validateThedropDownMonthList" time="0.095" classname="test.ValidatethemonthdropddownTest$AddCategoryTest"/>
</testsuite> <!-- Default test -->
