<?xml version="1.0" encoding="UTF-8"?>
<testng-results skipped="0" failed="0" ignored="0" total="2" passed="2">
  <reporter-output>
  </reporter-output>
  <suite name="Default suite" duration-ms="6412" started-at="2020-09-15T21:43:49 CDT" finished-at="2020-09-15T21:43:55 CDT">
    <groups>
    </groups>
    <test name="Default test" duration-ms="6412" started-at="2020-09-15T21:43:49 CDT" finished-at="2020-09-15T21:43:55 CDT">
      <class name="test.ValidatethemonthdropddownTest$AddCategoryTest">
        <test-method status="PASS" signature="StartFirst()[pri:0, instance:test.ValidatethemonthdropddownTest$AddCategoryTest@56aac163]" name="StartFirst" duration-ms="6222" started-at="2020-09-15T21:43:49 CDT" finished-at="2020-09-15T21:43:55 CDT">
          <reporter-output>
          </reporter-output>
        </test-method> <!-- StartFirst -->
        <test-method status="PASS" signature="validateThedropDownMonthList()[pri:0, instance:test.ValidatethemonthdropddownTest$AddCategoryTest@56aac163]" name="validateThedropDownMonthList" duration-ms="95" started-at="2020-09-15T21:43:55 CDT" finished-at="2020-09-15T21:43:55 CDT">
          <reporter-output>
          </reporter-output>
        </test-method> <!-- validateThedropDownMonthList -->
      </class> <!-- test.ValidatethemonthdropddownTest$AddCategoryTest -->
    </test> <!-- Default test -->
  </suite> <!-- Default suite -->
</testng-results>
